Using pre-set license
Built from '2021.3/staging' branch; Version is '2021.3.1f1 (3b70a0754835) revision 3895456'; Using compiler version '192829333'; Build Type 'Release'
OS: 'Windows 11  (10.0.22000) 64bit Core' Language: 'en' Physical Memory: 16310 MB
BatchMode: 1, IsHumanControllingUs: 0, StartBugReporterOnCrash: 0, Is64bit: 1, IsPro: 1

COMMAND LINE ARGUMENTS:
C:\Program Files\Unity\Hub\Editor\2021.3.1f1\Editor\Unity.exe
-adb2
-batchMode
-noUpm
-name
AssetImportWorker4
-projectPath
C:/Users/eduar/OneDrive/Desktop/Unity Projects/Untitled-Dice-Game
-logFile
Logs/AssetImportWorker4.log
-srvPort
53850
Successfully changed project path to: C:/Users/eduar/OneDrive/Desktop/Unity Projects/Untitled-Dice-Game
C:/Users/eduar/OneDrive/Desktop/Unity Projects/Untitled-Dice-Game
[UnityMemory] Configuration Parameters - Can be set up in boot.config
    "memorysetup-bucket-allocator-granularity=16"
    "memorysetup-bucket-allocator-bucket-count=8"
    "memorysetup-bucket-allocator-block-size=33554432"
    "memorysetup-bucket-allocator-block-count=8"
    "memorysetup-main-allocator-block-size=16777216"
    "memorysetup-thread-allocator-block-size=16777216"
    "memorysetup-gfx-main-allocator-block-size=16777216"
    "memorysetup-gfx-thread-allocator-block-size=16777216"
    "memorysetup-cache-allocator-block-size=4194304"
    "memorysetup-typetree-allocator-block-size=2097152"
    "memorysetup-profiler-bucket-allocator-granularity=16"
    "memorysetup-profiler-bucket-allocator-bucket-count=8"
    "memorysetup-profiler-bucket-allocator-block-size=33554432"
    "memorysetup-profiler-bucket-allocator-block-count=8"
    "memorysetup-profiler-allocator-block-size=16777216"
    "memorysetup-profiler-editor-allocator-block-size=1048576"
    "memorysetup-temp-allocator-size-main=16777216"
    "memorysetup-job-temp-allocator-block-size=2097152"
    "memorysetup-job-temp-allocator-block-size-background=1048576"
    "memorysetup-job-temp-allocator-reduction-small-platforms=262144"
    "memorysetup-temp-allocator-size-background-worker=32768"
    "memorysetup-temp-allocator-size-job-worker=262144"
    "memorysetup-temp-allocator-size-preload-manager=33554432"
    "memorysetup-temp-allocator-size-nav-mesh-worker=65536"
    "memorysetup-temp-allocator-size-audio-worker=65536"
    "memorysetup-temp-allocator-size-cloud-worker=32768"
    "memorysetup-temp-allocator-size-gi-baking-worker=262144"
    "memorysetup-temp-allocator-size-gfx=262144"
Refreshing native plugins compatible for Editor in 100.85 ms, found 4 plugins.
Preloading 0 native plugins for Editor in 0.00 ms.
Initialize engine version: 2021.3.1f1 (3b70a0754835)
[Subsystems] Discovering subsystems at path C:/Program Files/Unity/Hub/Editor/2021.3.1f1/Editor/Data/Resources/UnitySubsystems
[Subsystems] Discovering subsystems at path C:/Users/eduar/OneDrive/Desktop/Unity Projects/Untitled-Dice-Game/Assets
GfxDevice: creating device client; threaded=0; jobified=0
Direct3D:
    Version:  Direct3D 11.0 [level 11.1]
    Renderer: NVIDIA GeForce GTX 1060 6GB (ID=0x1c03)
    Vendor:   NVIDIA
    VRAM:     6052 MB
    Driver:   31.0.15.1694
Initialize mono
Mono path[0] = 'C:/Program Files/Unity/Hub/Editor/2021.3.1f1/Editor/Data/Managed'
Mono path[1] = 'C:/Program Files/Unity/Hub/Editor/2021.3.1f1/Editor/Data/MonoBleedingEdge/lib/mono/unityjit-win32'
Mono config path = 'C:/Program Files/Unity/Hub/Editor/2021.3.1f1/Editor/Data/MonoBleedingEdge/etc'
Using monoOptions --debugger-agent=transport=dt_socket,embedding=1,server=y,suspend=n,address=127.0.0.1:56452
Begin MonoManager ReloadAssembly
Registering precompiled unity dll's ...
Register platform support module: C:/Program Files/Unity/Hub/Editor/2021.3.1f1/Editor/Data/PlaybackEngines/MacStandaloneSupport/UnityEditor.OSXStandalone.Extensions.dll
Register platform support module: C:/Program Files/Unity/Hub/Editor/2021.3.1f1/Editor/Data/PlaybackEngines/WindowsStandaloneSupport/UnityEditor.WindowsStandalone.Extensions.dll
Registered in 0.005665 seconds.
Native extension for WindowsStandalone target not found
Native extension for OSXStandalone target not found
Refreshing native plugins compatible for Editor in 173.87 ms, found 4 plugins.
Preloading 0 native plugins for Editor in 0.00 ms.
Mono: successfully reloaded assembly
- Completed reload, in  0.794 seconds
Domain Reload Profiling:
	ReloadAssembly (794ms)
		BeginReloadAssembly (78ms)
			ExecutionOrderSort (0ms)
			DisableScriptedObjects (0ms)
			BackupInstance (0ms)
			ReleaseScriptingObjects (0ms)
			CreateAndSetChildDomain (1ms)
		EndReloadAssembly (599ms)
			LoadAssemblies (76ms)
			RebuildTransferFunctionScriptingTraits (0ms)
			SetupTypeCache (115ms)
			ReleaseScriptCaches (0ms)
			RebuildScriptCaches (31ms)
			SetupLoadedEditorAssemblies (397ms)
				LogAssemblyErrors (0ms)
				InitializePlatformSupportModulesInManaged (10ms)
				SetLoadedEditorAssemblies (0ms)
				RefreshPlugins (174ms)
				BeforeProcessingInitializeOnLoad (2ms)
				ProcessInitializeOnLoadAttributes (158ms)
				ProcessInitializeOnLoadMethodAttributes (53ms)
				AfterProcessingInitializeOnLoad (0ms)
				EditorAssembliesLoaded (0ms)
			ExecutionOrderSort2 (0ms)
			AwakeInstancesAfterBackupRestoration (0ms)
Platform modules already initialized, skipping
Registering precompiled user dll's ...
Registered in 0.007892 seconds.
Begin MonoManager ReloadAssembly
Symbol file LoadedFromMemory doesn't match image C:\Users\eduar\OneDrive\Desktop\Unity Projects\Untitled-Dice-Game\Library\PackageCache\com.unity.visualscripting@1.7.6\Editor\VisualScripting.Core\Dependencies\YamlDotNet\Unity.VisualScripting.YamlDotNet.dll
Symbol file LoadedFromMemory is not a mono symbol file
Symbol file LoadedFromMemory doesn't match image C:\Users\eduar\OneDrive\Desktop\Unity Projects\Untitled-Dice-Game\Library\PackageCache\com.unity.visualscripting@1.7.6\Editor\VisualScripting.Core\Dependencies\DotNetZip\Unity.VisualScripting.IonicZip.dll
Native extension for WindowsStandalone target not found
Native extension for OSXStandalone target not found
Refreshing native plugins compatible for Editor in 90.38 ms, found 4 plugins.
Preloading 0 native plugins for Editor in 0.00 ms.
Mono: successfully reloaded assembly
- Completed reload, in  1.154 seconds
Domain Reload Profiling:
	ReloadAssembly (1154ms)
		BeginReloadAssembly (112ms)
			ExecutionOrderSort (0ms)
			DisableScriptedObjects (6ms)
			BackupInstance (0ms)
			ReleaseScriptingObjects (0ms)
			CreateAndSetChildDomain (20ms)
		EndReloadAssembly (918ms)
			LoadAssemblies (101ms)
			RebuildTransferFunctionScriptingTraits (0ms)
			SetupTypeCache (237ms)
			ReleaseScriptCaches (1ms)
			RebuildScriptCaches (62ms)
			SetupLoadedEditorAssemblies (472ms)
				LogAssemblyErrors (0ms)
				InitializePlatformSupportModulesInManaged (6ms)
				SetLoadedEditorAssemblies (0ms)
				RefreshPlugins (90ms)
				BeforeProcessingInitializeOnLoad (89ms)
				ProcessInitializeOnLoadAttributes (239ms)
				ProcessInitializeOnLoadMethodAttributes (42ms)
				AfterProcessingInitializeOnLoad (6ms)
				EditorAssembliesLoaded (0ms)
			ExecutionOrderSort2 (0ms)
			AwakeInstancesAfterBackupRestoration (6ms)
Platform modules already initialized, skipping
========================================================================
Worker process is ready to serve import requests
Launched and connected shader compiler UnityShaderCompiler.exe after 0.03 seconds
Refreshing native plugins compatible for Editor in 0.75 ms, found 4 plugins.
Preloading 0 native plugins for Editor in 0.00 ms.
Unloading 3998 Unused Serialized files (Serialized files now loaded: 0)
Unloading 34 unused Assets / (55.9 KB). Loaded Objects now: 4460.
Memory consumption went from 151.6 MB to 151.6 MB.
Total: 3.122800 ms (FindLiveObjects: 0.301200 ms CreateObjectMapping: 0.189200 ms MarkObjects: 2.557300 ms  DeleteObjects: 0.073900 ms)

AssetImportParameters requested are different than current active one (requested -> active):
  custom:video-decoder-ogg-theora: a1e56fd34408186e4bbccfd4996cb3dc -> 
  custom:container-muxer-webm: aa71ff27fc2769a1b78a27578f13a17b -> 
  custom:container-demuxer-webm: 4f35f7cbe854078d1ac9338744f61a02 -> 
  custom:video-encoder-webm-vp8: eb34c28f22e8b96e1ab97ce403110664 -> 
  custom:audio-encoder-webm-vorbis: bf7c407c2cedff20999df2af8eb42d56 -> 
  custom:framework-win-MediaFoundation: 216162199b28c13a410421893ffa2e32 -> 
  custom:container-demuxer-ogg: 62fdf1f143b41e24485cea50d1cbac27 -> 
  custom:video-decoder-webm-vp8: 9c59270c3fd7afecdb556c50c9e8de78 -> 
  custom:audio-decoder-ogg-vorbis: bf7c407c2cedff20999df2af8eb42d56 -> 
========================================================================
Received Import Request.
  Time since last request: 614036.703107 seconds.
  path: Assets/Animation/Characters/Allies/Lizard/Lizard.controller
  artifactKey: Guid(90925df4adba1e446afabdec75a3e545) Importer(815301076,1909f56bfc062723c751e8b465ee728b)
Start importing Assets/Animation/Characters/Allies/Lizard/Lizard.controller using Guid(90925df4adba1e446afabdec75a3e545) Importer(815301076,1909f56bfc062723c751e8b465ee728b)  -> (artifact id: 'e3d23d14df889f31d68af82b2c362f91') in 0.046262 seconds 
========================================================================
Received Import Request.
  Time since last request: 9.160766 seconds.
  path: Assets/Animation/Characters/Allies/Lizard/lizard_hurt.anim
  artifactKey: Guid(f3a068b7708aa5a49966e46c0d3387e5) Importer(815301076,1909f56bfc062723c751e8b465ee728b)
Start importing Assets/Animation/Characters/Allies/Lizard/lizard_hurt.anim using Guid(f3a068b7708aa5a49966e46c0d3387e5) Importer(815301076,1909f56bfc062723c751e8b465ee728b)  -> (artifact id: 'efafc20e8d0bf1ba22609d122ea4b1ed') in 0.009267 seconds 
========================================================================
Received Import Request.
  Time since last request: 1.666816 seconds.
  path: Assets/Animation/Characters/Allies/Lizard/lizard_dead.anim
  artifactKey: Guid(d0320605e120d324fb9c5842230d6dc1) Importer(815301076,1909f56bfc062723c751e8b465ee728b)
Start importing Assets/Animation/Characters/Allies/Lizard/lizard_dead.anim using Guid(d0320605e120d324fb9c5842230d6dc1) Importer(815301076,1909f56bfc062723c751e8b465ee728b)  -> (artifact id: '9e5e4a0ea0b97e44af96b903d73b3ae1') in 0.007150 seconds 
========================================================================
Received Import Request.
  Time since last request: 10.584440 seconds.
  path: Assets/Animation/Characters/Allies/Lizard/Lizard.controller
  artifactKey: Guid(90925df4adba1e446afabdec75a3e545) Importer(815301076,1909f56bfc062723c751e8b465ee728b)
Start importing Assets/Animation/Characters/Allies/Lizard/Lizard.controller using Guid(90925df4adba1e446afabdec75a3e545) Importer(815301076,1909f56bfc062723c751e8b465ee728b)  -> (artifact id: 'bde2d55fea5a811990e2d56fdf5952af') in 0.003226 seconds 
========================================================================
Received Import Request.
  Time since last request: 7.534543 seconds.
  path: Assets/Prefabs/Unit Models/Lizard.prefab
  artifactKey: Guid(a61d57fc653e88e44a36b0d95c470d98) Importer(815301076,1909f56bfc062723c751e8b465ee728b)
Start importing Assets/Prefabs/Unit Models/Lizard.prefab using Guid(a61d57fc653e88e44a36b0d95c470d98) Importer(815301076,1909f56bfc062723c751e8b465ee728b) Tried select unknown importer for id '-2' '00000000000000000000000000000000'
 -> (artifact id: '4a6fbb51e2ebb557f76d575b218efbee') in 0.086312 seconds 
========================================================================
Received Import Request.
  Time since last request: 47.820725 seconds.
  path: Assets/Sprites/Characters/Allies/Centaur/Centaur_M_Idle_1.png
  artifactKey: Guid(26cd63a481fd496459994f1ea84e708e) Importer(815301076,1909f56bfc062723c751e8b465ee728b)
Start importing Assets/Sprites/Characters/Allies/Centaur/Centaur_M_Idle_1.png using Guid(26cd63a481fd496459994f1ea84e708e) Importer(815301076,1909f56bfc062723c751e8b465ee728b)  -> (artifact id: '74bb898fb9e04d0ca556f3ff2cf709ed') in 0.043982 seconds 
========================================================================
Received Import Request.
  Time since last request: 0.000026 seconds.
  path: Assets/Sprites/Characters/Allies/Centaur/Centaur_M_Idle_4.png
  artifactKey: Guid(ff9ea6fcbe0c53d478b6f8b4dc1771ac) Importer(815301076,1909f56bfc062723c751e8b465ee728b)
Start importing Assets/Sprites/Characters/Allies/Centaur/Centaur_M_Idle_4.png using Guid(ff9ea6fcbe0c53d478b6f8b4dc1771ac) Importer(815301076,1909f56bfc062723c751e8b465ee728b)  -> (artifact id: 'ecec78cce9d7a4fc37df8e2e77004095') in 0.010541 seconds 
========================================================================
Received Import Request.
  Time since last request: 0.000030 seconds.
  path: Assets/Sprites/Characters/Allies/Centaur/Centaur_M_Walk_1.png
  artifactKey: Guid(2b151140f474a6d4581a6696b3318874) Importer(815301076,1909f56bfc062723c751e8b465ee728b)
Start importing Assets/Sprites/Characters/Allies/Centaur/Centaur_M_Walk_1.png using Guid(2b151140f474a6d4581a6696b3318874) Importer(815301076,1909f56bfc062723c751e8b465ee728b)  -> (artifact id: 'a789e732cf6f317c36f1371cc1da7e23') in 0.014314 seconds 
========================================================================
Received Import Request.
  Time since last request: 0.000021 seconds.
  path: Assets/Sprites/Characters/Allies/Centaur/Centaur_M_Walk_4.png
  artifactKey: Guid(019a3a16e47ffa94c9cd4f6b54744175) Importer(815301076,1909f56bfc062723c751e8b465ee728b)
Start importing Assets/Sprites/Characters/Allies/Centaur/Centaur_M_Walk_4.png using Guid(019a3a16e47ffa94c9cd4f6b54744175) Importer(815301076,1909f56bfc062723c751e8b465ee728b)  -> (artifact id: '3dec2f5caa9f9a4c69b2a6acc8129826') in 0.009079 seconds 
========================================================================
Received Import Request.
  Time since last request: 125.522559 seconds.
  path: Assets/Animation/Characters/Allies/Centaur/centaur_hurt.anim
  artifactKey: Guid(59db21ff815754c408f206d4566de3dd) Importer(815301076,1909f56bfc062723c751e8b465ee728b)
Start importing Assets/Animation/Characters/Allies/Centaur/centaur_hurt.anim using Guid(59db21ff815754c408f206d4566de3dd) Importer(815301076,1909f56bfc062723c751e8b465ee728b)  -> (artifact id: 'c5c10af62c2dae9f5153aa4864231599') in 0.006421 seconds 
========================================================================
Received Import Request.
  Time since last request: 1.570832 seconds.
  path: Assets/Animation/Characters/Allies/Centaur/centaur_dead.anim
  artifactKey: Guid(dfb086eef1853984dbc675327fc299da) Importer(815301076,1909f56bfc062723c751e8b465ee728b)
Start importing Assets/Animation/Characters/Allies/Centaur/centaur_dead.anim using Guid(dfb086eef1853984dbc675327fc299da) Importer(815301076,1909f56bfc062723c751e8b465ee728b)  -> (artifact id: 'e1599ac0df8f1bdc3e1064c1d1ffdf16') in 0.006465 seconds 
========================================================================
Received Import Request.
  Time since last request: 1.131392 seconds.
  path: Assets/Animation/Characters/Allies/Centaur/Centaur Controller.controller
  artifactKey: Guid(5c0794154a093e74b914003e629c60f1) Importer(815301076,1909f56bfc062723c751e8b465ee728b)
Start importing Assets/Animation/Characters/Allies/Centaur/Centaur Controller.controller using Guid(5c0794154a093e74b914003e629c60f1) Importer(815301076,1909f56bfc062723c751e8b465ee728b)  -> (artifact id: 'f803ee849b8adabc9a11c67bc0c58cdc') in 0.003121 seconds 
========================================================================
Received Import Request.
  Time since last request: 12.041387 seconds.
  path: Assets/Prefabs/Unit Models/Centaur.prefab
  artifactKey: Guid(6e584100daf8d17438f37a8efadc0ef8) Importer(815301076,1909f56bfc062723c751e8b465ee728b)
Start importing Assets/Prefabs/Unit Models/Centaur.prefab using Guid(6e584100daf8d17438f37a8efadc0ef8) Importer(815301076,1909f56bfc062723c751e8b465ee728b) Tried select unknown importer for id '-2' '00000000000000000000000000000000'
 -> (artifact id: '43464c5658078a47bbe6d08eee8911ed') in 0.018226 seconds 
========================================================================
Received Import Request.
  Time since last request: 12.165302 seconds.
  path: Assets/Prefabs/Unit Models/Lizard.prefab
  artifactKey: Guid(a61d57fc653e88e44a36b0d95c470d98) Importer(815301076,1909f56bfc062723c751e8b465ee728b)
Start importing Assets/Prefabs/Unit Models/Lizard.prefab using Guid(a61d57fc653e88e44a36b0d95c470d98) Importer(815301076,1909f56bfc062723c751e8b465ee728b) Tried select unknown importer for id '-2' '00000000000000000000000000000000'
 -> (artifact id: '1133afeb42b3b48bf27348ce6400d49c') in 0.011423 seconds 
========================================================================
Received Import Request.
  Time since last request: 1.136348 seconds.
  path: Assets/Prefabs/Unit Models/Lizard.prefab
  artifactKey: Guid(a61d57fc653e88e44a36b0d95c470d98) Importer(815301076,1909f56bfc062723c751e8b465ee728b)
Start importing Assets/Prefabs/Unit Models/Lizard.prefab using Guid(a61d57fc653e88e44a36b0d95c470d98) Importer(815301076,1909f56bfc062723c751e8b465ee728b) Tried select unknown importer for id '-2' '00000000000000000000000000000000'
 -> (artifact id: '665838645145cd293f372a80a12cc1a2') in 0.009377 seconds 
========================================================================
Received Import Request.
  Time since last request: 6.080642 seconds.
  path: Assets/Prefabs/Unit Models/Lizard.prefab
  artifactKey: Guid(a61d57fc653e88e44a36b0d95c470d98) Importer(815301076,1909f56bfc062723c751e8b465ee728b)
Start importing Assets/Prefabs/Unit Models/Lizard.prefab using Guid(a61d57fc653e88e44a36b0d95c470d98) Importer(815301076,1909f56bfc062723c751e8b465ee728b) Tried select unknown importer for id '-2' '00000000000000000000000000000000'
 -> (artifact id: '681e5f32e1c92201d3f158495e580c07') in 0.008799 seconds 
========================================================================
Received Import Request.
  Time since last request: 6.704821 seconds.
  path: Assets/Prefabs/Unit Models/Centaur.prefab
  artifactKey: Guid(6e584100daf8d17438f37a8efadc0ef8) Importer(815301076,1909f56bfc062723c751e8b465ee728b)
Start importing Assets/Prefabs/Unit Models/Centaur.prefab using Guid(6e584100daf8d17438f37a8efadc0ef8) Importer(815301076,1909f56bfc062723c751e8b465ee728b) Tried select unknown importer for id '-2' '00000000000000000000000000000000'
 -> (artifact id: '75e75ccb8db562b6b272f2af92ec9142') in 0.010937 seconds 
========================================================================
Received Import Request.
  Time since last request: 2.804077 seconds.
  path: Assets/Prefabs/Unit Models/Elf.prefab
  artifactKey: Guid(15a6a0099a1707643aa60f3f626ce5b8) Importer(815301076,1909f56bfc062723c751e8b465ee728b)
Start importing Assets/Prefabs/Unit Models/Elf.prefab using Guid(15a6a0099a1707643aa60f3f626ce5b8) Importer(815301076,1909f56bfc062723c751e8b465ee728b) Tried select unknown importer for id '-2' '00000000000000000000000000000000'
 -> (artifact id: '2baf3d32121524a43fc0a9789fee5e48') in 0.014801 seconds 
========================================================================
Received Import Request.
  Time since last request: 12.858791 seconds.
  path: Assets/Prefabs/Unit Models/Centaur.prefab
  artifactKey: Guid(6e584100daf8d17438f37a8efadc0ef8) Importer(815301076,1909f56bfc062723c751e8b465ee728b)
Start importing Assets/Prefabs/Unit Models/Centaur.prefab using Guid(6e584100daf8d17438f37a8efadc0ef8) Importer(815301076,1909f56bfc062723c751e8b465ee728b) Tried select unknown importer for id '-2' '00000000000000000000000000000000'
 -> (artifact id: 'c9c3a6c3287403780e377c953cd2b333') in 0.011773 seconds 
========================================================================
Received Import Request.
  Time since last request: 312.184281 seconds.
  path: Assets/Scriptable Objects/Units/Lizard.asset
  artifactKey: Guid(2e888bbd7462cd64b8ed404d3722782c) Importer(815301076,1909f56bfc062723c751e8b465ee728b)
Start importing Assets/Scriptable Objects/Units/Lizard.asset using Guid(2e888bbd7462cd64b8ed404d3722782c) Importer(815301076,1909f56bfc062723c751e8b465ee728b)  -> (artifact id: '88928ba93764becc34ecddb2533ca290') in 0.005083 seconds 
========================================================================
Received Import Request.
  Time since last request: 2.998516 seconds.
  path: Assets/Scriptable Objects/Units/Knight.asset
  artifactKey: Guid(cbe6885e9d26c144a87daa43caa85db8) Importer(815301076,1909f56bfc062723c751e8b465ee728b)
Start importing Assets/Scriptable Objects/Units/Knight.asset using Guid(cbe6885e9d26c144a87daa43caa85db8) Importer(815301076,1909f56bfc062723c751e8b465ee728b)  -> (artifact id: '18a8d6bd73d8c85fb30f99cfc2539d24') in 0.006676 seconds 
========================================================================
Received Import Request.
  Time since last request: 12.297003 seconds.
  path: Assets/Scriptable Objects/Units/Centaur.asset
  artifactKey: Guid(f151265cafbec594fbc79027d5bb04fd) Importer(815301076,1909f56bfc062723c751e8b465ee728b)
Start importing Assets/Scriptable Objects/Units/Centaur.asset using Guid(f151265cafbec594fbc79027d5bb04fd) Importer(815301076,1909f56bfc062723c751e8b465ee728b)  -> (artifact id: '8ad833f9a5eaf42cf96daf5a896bba67') in 0.002452 seconds 
========================================================================
Received Import Request.
  Time since last request: 5.528660 seconds.
  path: Assets/Scriptable Objects/Units/Allies
  artifactKey: Guid(296db69376578d24ab09325a5e2dd25e) Importer(815301076,1909f56bfc062723c751e8b465ee728b)
Start importing Assets/Scriptable Objects/Units/Allies using Guid(296db69376578d24ab09325a5e2dd25e) Importer(815301076,1909f56bfc062723c751e8b465ee728b)  -> (artifact id: '0334f1ea0cb9d3d4424253293d361b2a') in 0.004980 seconds 
========================================================================
Received Import Request.
  Time since last request: 8.404316 seconds.
  path: Assets/Scriptable Objects/Units/Enemies
  artifactKey: Guid(2120ca698f78e3340b2d334eaeb4e0aa) Importer(815301076,1909f56bfc062723c751e8b465ee728b)
Start importing Assets/Scriptable Objects/Units/Enemies using Guid(2120ca698f78e3340b2d334eaeb4e0aa) Importer(815301076,1909f56bfc062723c751e8b465ee728b)  -> (artifact id: '2c74431c27a03e0de2104b48634237d6') in 0.005295 seconds 
========================================================================
Received Import Request.
  Time since last request: 12.646616 seconds.
  path: Assets/Scriptable Objects/Units/Allies/Elf.asset
  artifactKey: Guid(fbd3ec3651eaef541a94fba6481a87a2) Importer(815301076,1909f56bfc062723c751e8b465ee728b)
Start importing Assets/Scriptable Objects/Units/Allies/Elf.asset using Guid(fbd3ec3651eaef541a94fba6481a87a2) Importer(815301076,1909f56bfc062723c751e8b465ee728b)  -> (artifact id: '5ef908801fb231c422a8747652fe1e15') in 0.002303 seconds 
========================================================================
Received Import Request.
  Time since last request: 18.616152 seconds.
  path: Assets/Scriptable Objects/Units/Allies/Wizard.asset
  artifactKey: Guid(e681acf4e6c69ce4598b321720673ef3) Importer(815301076,1909f56bfc062723c751e8b465ee728b)
Start importing Assets/Scriptable Objects/Units/Allies/Wizard.asset using Guid(e681acf4e6c69ce4598b321720673ef3) Importer(815301076,1909f56bfc062723c751e8b465ee728b)  -> (artifact id: '9dfe929b505336dbffdaa778601a45bb') in 0.005397 seconds 
========================================================================
Received Import Request.
  Time since last request: 5.426917 seconds.
  path: Assets/Scriptable Objects/Units/Allies/Adventurer.asset
  artifactKey: Guid(79a48578185f04a4581dd8973160bab2) Importer(815301076,1909f56bfc062723c751e8b465ee728b)
Start importing Assets/Scriptable Objects/Units/Allies/Adventurer.asset using Guid(79a48578185f04a4581dd8973160bab2) Importer(815301076,1909f56bfc062723c751e8b465ee728b)  -> (artifact id: 'bf35dec04a6d05b24cb0d228c3f4cc75') in 0.008067 seconds 
========================================================================
Received Import Request.
  Time since last request: 96.146611 seconds.
  path: Assets/Scriptable Objects/Dice/Centaur D6.asset
  artifactKey: Guid(e878df740483de14e90aecbc93e8381f) Importer(815301076,1909f56bfc062723c751e8b465ee728b)
Start importing Assets/Scriptable Objects/Dice/Centaur D6.asset using Guid(e878df740483de14e90aecbc93e8381f) Importer(815301076,1909f56bfc062723c751e8b465ee728b)  -> (artifact id: '97d926b807e0b98b6f732908d94a18ff') in 0.008423 seconds 
========================================================================
Received Import Request.
  Time since last request: 3.722509 seconds.
  path: Assets/Scriptable Objects/Dice/Centaur D.asset
  artifactKey: Guid(e878df740483de14e90aecbc93e8381f) Importer(815301076,1909f56bfc062723c751e8b465ee728b)
Start importing Assets/Scriptable Objects/Dice/Centaur D.asset using Guid(e878df740483de14e90aecbc93e8381f) Importer(815301076,1909f56bfc062723c751e8b465ee728b)  -> (artifact id: '392b541344e2adce67a828d3a3c45c33') in 0.008081 seconds 
========================================================================
Received Import Request.
  Time since last request: 8.057953 seconds.
  path: Assets/Scriptable Objects/Dice/Knight D.asset
  artifactKey: Guid(3197f77edd4a821458e00e2e9d350908) Importer(815301076,1909f56bfc062723c751e8b465ee728b)
Start importing Assets/Scriptable Objects/Dice/Knight D.asset using Guid(3197f77edd4a821458e00e2e9d350908) Importer(815301076,1909f56bfc062723c751e8b465ee728b)  -> (artifact id: '129aa549fc24168b2f6a05a1df48cd57') in 0.006025 seconds 
========================================================================
Received Import Request.
  Time since last request: 10.732912 seconds.
  path: Assets/Scriptable Objects/Dice/Elf D.asset
  artifactKey: Guid(c1ffd98d8d36f0f41a4881ed8851ce61) Importer(815301076,1909f56bfc062723c751e8b465ee728b)
Start importing Assets/Scriptable Objects/Dice/Elf D.asset using Guid(c1ffd98d8d36f0f41a4881ed8851ce61) Importer(815301076,1909f56bfc062723c751e8b465ee728b)  -> (artifact id: '7a386de867ff03e1d4488d3bbf6f2679') in 0.005638 seconds 
========================================================================
Received Import Request.
  Time since last request: 8.619208 seconds.
  path: Assets/Scriptable Objects/Dice/Adventurer D.asset
  artifactKey: Guid(eaae14247699d614d8a5275a34f30d23) Importer(815301076,1909f56bfc062723c751e8b465ee728b)
Start importing Assets/Scriptable Objects/Dice/Adventurer D.asset using Guid(eaae14247699d614d8a5275a34f30d23) Importer(815301076,1909f56bfc062723c751e8b465ee728b)  -> (artifact id: '95fd5b6f4e3321565f6941ad1f9334f3') in 0.005997 seconds 
========================================================================
Received Import Request.
  Time since last request: 6.039520 seconds.
  path: Assets/Scriptable Objects/Dice/Wizard D.asset
  artifactKey: Guid(8c98814e714819347b9f12482f8ca702) Importer(815301076,1909f56bfc062723c751e8b465ee728b)
Start importing Assets/Scriptable Objects/Dice/Wizard D.asset using Guid(8c98814e714819347b9f12482f8ca702) Importer(815301076,1909f56bfc062723c751e8b465ee728b)  -> (artifact id: 'db8ee3e96000c60127c879505f10d26f') in 0.005805 seconds 
========================================================================
Received Import Request.
  Time since last request: 4.415030 seconds.
  path: Assets/Scriptable Objects/Dice/Lizard D.asset
  artifactKey: Guid(cef44c24ce773d14292d962a3b527f52) Importer(815301076,1909f56bfc062723c751e8b465ee728b)
Start importing Assets/Scriptable Objects/Dice/Lizard D.asset using Guid(cef44c24ce773d14292d962a3b527f52) Importer(815301076,1909f56bfc062723c751e8b465ee728b)  -> (artifact id: '831d42cf22efaffacda6cbcbb6d3f3ad') in 0.005915 seconds 
========================================================================
Received Import Request.
  Time since last request: 5.041559 seconds.
  path: Assets/Scriptable Objects/Dice/Ally
  artifactKey: Guid(a51fc40c7122b4e448f09d108a0ef8de) Importer(815301076,1909f56bfc062723c751e8b465ee728b)
Start importing Assets/Scriptable Objects/Dice/Ally using Guid(a51fc40c7122b4e448f09d108a0ef8de) Importer(815301076,1909f56bfc062723c751e8b465ee728b)  -> (artifact id: 'c53fbf12983c699f9de1268d129b4ef3') in 0.006234 seconds 
========================================================================
Received Import Request.
  Time since last request: 1541.027687 seconds.
  path: Assets/Prefabs/Unit Models/Allies
  artifactKey: Guid(d91df84253c2c7740ae212a2fd0963e9) Importer(815301076,1909f56bfc062723c751e8b465ee728b)
Start importing Assets/Prefabs/Unit Models/Allies using Guid(d91df84253c2c7740ae212a2fd0963e9) Importer(815301076,1909f56bfc062723c751e8b465ee728b)  -> (artifact id: '12582f249264dbfa8568f9fb6634ba2c') in 0.002002 seconds 
========================================================================
Received Import Request.
  Time since last request: 14.411319 seconds.
  path: Assets/Prefabs/Unit Models/Enemies
  artifactKey: Guid(c0d142423bbb12e4baee255391089055) Importer(815301076,1909f56bfc062723c751e8b465ee728b)
Start importing Assets/Prefabs/Unit Models/Enemies using Guid(c0d142423bbb12e4baee255391089055) Importer(815301076,1909f56bfc062723c751e8b465ee728b)  -> (artifact id: '6729a6784b8d0d4f6fdfd47cef2be00d') in 0.001834 seconds 
========================================================================
Received Import Request.
  Time since last request: 55.480505 seconds.
  path: Assets/Sprites/Characters/Enemies/Ent
  artifactKey: Guid(9af706caf6e4a664f8b1917fb9258bb4) Importer(815301076,1909f56bfc062723c751e8b465ee728b)
Start importing Assets/Sprites/Characters/Enemies/Ent using Guid(9af706caf6e4a664f8b1917fb9258bb4) Importer(815301076,1909f56bfc062723c751e8b465ee728b)  -> (artifact id: '0911a8ca5dc92248d9780b04c81c538b') in 0.006535 seconds 
========================================================================
Received Import Request.
  Time since last request: 0.289847 seconds.
  path: Assets/Sprites/Characters/Enemies/Ent/Ent_Walk_2.png
  artifactKey: Guid(74f22132a67c57b4ab1624540af2bff8) Importer(815301076,1909f56bfc062723c751e8b465ee728b)
Start importing Assets/Sprites/Characters/Enemies/Ent/Ent_Walk_2.png using Guid(74f22132a67c57b4ab1624540af2bff8) Importer(815301076,1909f56bfc062723c751e8b465ee728b)  -> (artifact id: 'e4600920294b68dcf75f803aacf75260') in 0.025979 seconds 
========================================================================
Received Import Request.
  Time since last request: 0.000017 seconds.
  path: Assets/Sprites/Characters/Enemies/Ent/Ent_Walk_4.png
  artifactKey: Guid(b5f9f23759e688945884b3b441ff7f9f) Importer(815301076,1909f56bfc062723c751e8b465ee728b)
Start importing Assets/Sprites/Characters/Enemies/Ent/Ent_Walk_4.png using Guid(b5f9f23759e688945884b3b441ff7f9f) Importer(815301076,1909f56bfc062723c751e8b465ee728b)  -> (artifact id: 'aad61d0de00ee30593dd52d6a52c5bec') in 0.016815 seconds 
========================================================================
Received Import Request.
  Time since last request: 4.837814 seconds.
  path: Assets/Sprites/Characters/Enemies/Ent/Ent_Idle_1.png
  artifactKey: Guid(8f101068bcf241b4c94aef14441e278c) Importer(815301076,1909f56bfc062723c751e8b465ee728b)
Start importing Assets/Sprites/Characters/Enemies/Ent/Ent_Idle_1.png using Guid(8f101068bcf241b4c94aef14441e278c) Importer(815301076,1909f56bfc062723c751e8b465ee728b)  -> (artifact id: '2651ba87fe2134b2bf7292f06f2422af') in 0.016374 seconds 
========================================================================
Received Import Request.
  Time since last request: 0.000032 seconds.
  path: Assets/Sprites/Characters/Enemies/Ent/Ent_Idle_3.png
  artifactKey: Guid(a3aa9f355c2aa184cb583cb10fe291a7) Importer(815301076,1909f56bfc062723c751e8b465ee728b)
Start importing Assets/Sprites/Characters/Enemies/Ent/Ent_Idle_3.png using Guid(a3aa9f355c2aa184cb583cb10fe291a7) Importer(815301076,1909f56bfc062723c751e8b465ee728b)  -> (artifact id: '865b15b4aec05dd47b6cabf9e0aa88c2') in 0.017199 seconds 
========================================================================
Received Import Request.
  Time since last request: 0.000019 seconds.
  path: Assets/Sprites/Characters/Enemies/Ent/Ent_Walk_2.png
  artifactKey: Guid(74f22132a67c57b4ab1624540af2bff8) Importer(815301076,1909f56bfc062723c751e8b465ee728b)
Start importing Assets/Sprites/Characters/Enemies/Ent/Ent_Walk_2.png using Guid(74f22132a67c57b4ab1624540af2bff8) Importer(815301076,1909f56bfc062723c751e8b465ee728b)  -> (artifact id: 'e9f859762ea5f42c3d59842ceb55f2e6') in 0.010323 seconds 
========================================================================
Received Import Request.
  Time since last request: 0.000019 seconds.
  path: Assets/Sprites/Characters/Enemies/Ent/Ent_Idle_4.png
  artifactKey: Guid(6d758cfa299682f48b4d6974cd1ca4a5) Importer(815301076,1909f56bfc062723c751e8b465ee728b)
Start importing Assets/Sprites/Characters/Enemies/Ent/Ent_Idle_4.png using Guid(6d758cfa299682f48b4d6974cd1ca4a5) Importer(815301076,1909f56bfc062723c751e8b465ee728b)  -> (artifact id: '3ba139eaeabed87f99da62344d4adb93') in 0.013458 seconds 
========================================================================
Received Import Request.
  Time since last request: 1.520265 seconds.
  path: Assets/Sprites/Characters/Enemies/Golem
  artifactKey: Guid(fe1960fbf6ff6954b8f58661aba37433) Importer(815301076,1909f56bfc062723c751e8b465ee728b)
Start importing Assets/Sprites/Characters/Enemies/Golem using Guid(fe1960fbf6ff6954b8f58661aba37433) Importer(815301076,1909f56bfc062723c751e8b465ee728b)  -> (artifact id: 'bd0968722e98d4cc77adcde8ad9bcc3c') in 0.008445 seconds 
========================================================================
Received Import Request.
  Time since last request: 0.047833 seconds.
  path: Assets/Sprites/Characters/Enemies/Golem/Golem_Idle_1.png
  artifactKey: Guid(5633c7dad2fd129408f81a7cf486c385) Importer(815301076,1909f56bfc062723c751e8b465ee728b)
Start importing Assets/Sprites/Characters/Enemies/Golem/Golem_Idle_1.png using Guid(5633c7dad2fd129408f81a7cf486c385) Importer(815301076,1909f56bfc062723c751e8b465ee728b)  -> (artifact id: '7f95d49b1e72a9239c95c1ff72faf3f8') in 0.021173 seconds 
========================================================================
Received Import Request.
  Time since last request: 0.000019 seconds.
  path: Assets/Sprites/Characters/Enemies/Golem/Golem_Idle_5.png
  artifactKey: Guid(63feb48e4112c0f4db4bff86d9736dda) Importer(815301076,1909f56bfc062723c751e8b465ee728b)
Start importing Assets/Sprites/Characters/Enemies/Golem/Golem_Idle_5.png using Guid(63feb48e4112c0f4db4bff86d9736dda) Importer(815301076,1909f56bfc062723c751e8b465ee728b)  -> (artifact id: 'd3fd68ab4e9090c2d855f33cf45f03fc') in 0.016614 seconds 
========================================================================
Received Import Request.
  Time since last request: 0.000024 seconds.
  path: Assets/Sprites/Characters/Enemies/Golem/Golem_Walk_4.png
  artifactKey: Guid(0701006baf880ee45891c6a2f5c30413) Importer(815301076,1909f56bfc062723c751e8b465ee728b)
Start importing Assets/Sprites/Characters/Enemies/Golem/Golem_Walk_4.png using Guid(0701006baf880ee45891c6a2f5c30413) Importer(815301076,1909f56bfc062723c751e8b465ee728b)  -> (artifact id: 'd50b67ae2df4a00f4ecda98e1d381d6f') in 0.017216 seconds 
========================================================================
Received Import Request.
  Time since last request: 0.000037 seconds.
  path: Assets/Sprites/Characters/Enemies/Golem/Golem_Walk_5.png
  artifactKey: Guid(e7d0ef22ba0a0954ca4fad24dd27b39d) Importer(815301076,1909f56bfc062723c751e8b465ee728b)
Start importing Assets/Sprites/Characters/Enemies/Golem/Golem_Walk_5.png using Guid(e7d0ef22ba0a0954ca4fad24dd27b39d) Importer(815301076,1909f56bfc062723c751e8b465ee728b)  -> (artifact id: '5db419ae351100aeecea0ce1fe334d2a') in 0.017145 seconds 
========================================================================
Received Import Request.
  Time since last request: 0.000027 seconds.
  path: Assets/Sprites/Characters/Enemies/Golem/Golem_Walk_1.png
  artifactKey: Guid(662ad17238c36be47b6b53e9b59fdf96) Importer(815301076,1909f56bfc062723c751e8b465ee728b)
Start importing Assets/Sprites/Characters/Enemies/Golem/Golem_Walk_1.png using Guid(662ad17238c36be47b6b53e9b59fdf96) Importer(815301076,1909f56bfc062723c751e8b465ee728b)  -> (artifact id: '30e33bfcce80426c5fd7a3fcede374c0') in 0.016632 seconds 
========================================================================
Received Import Request.
  Time since last request: 0.000031 seconds.
  path: Assets/Sprites/Characters/Enemies/Golem/Golem_Walk_2.png
  artifactKey: Guid(7ebd6cfd768ad4c4a99b35f49b51e1de) Importer(815301076,1909f56bfc062723c751e8b465ee728b)
Start importing Assets/Sprites/Characters/Enemies/Golem/Golem_Walk_2.png using Guid(7ebd6cfd768ad4c4a99b35f49b51e1de) Importer(815301076,1909f56bfc062723c751e8b465ee728b)  -> (artifact id: '80110bb11026fff8906b74409843f223') in 0.015495 seconds 
========================================================================
Received Import Request.
  Time since last request: 6.010307 seconds.
  path: Assets/Sprites/Characters/Enemies/Troll
  artifactKey: Guid(23bd78de7eab7c9429dcbc3cae6a75a8) Importer(815301076,1909f56bfc062723c751e8b465ee728b)
Start importing Assets/Sprites/Characters/Enemies/Troll using Guid(23bd78de7eab7c9429dcbc3cae6a75a8) Importer(815301076,1909f56bfc062723c751e8b465ee728b)  -> (artifact id: '7bb9cdf1aadb7712430c06738c38e818') in 0.006552 seconds 
========================================================================
Received Import Request.
  Time since last request: 0.529016 seconds.
  path: Assets/Sprites/Characters/Enemies/Troll/Troll_Idle_1.png
  artifactKey: Guid(18d3fe49bee2418479b4c5b64094c384) Importer(815301076,1909f56bfc062723c751e8b465ee728b)
Start importing Assets/Sprites/Characters/Enemies/Troll/Troll_Idle_1.png using Guid(18d3fe49bee2418479b4c5b64094c384) Importer(815301076,1909f56bfc062723c751e8b465ee728b)  -> (artifact id: '9adf64cc53b1804011d660e4c91f6861') in 0.018298 seconds 
========================================================================
Received Import Request.
  Time since last request: 0.000020 seconds.
  path: Assets/Sprites/Characters/Enemies/Troll/Troll_Walk_2.png
  artifactKey: Guid(41264e5eb0101e441805f3217d72088e) Importer(815301076,1909f56bfc062723c751e8b465ee728b)
Start importing Assets/Sprites/Characters/Enemies/Troll/Troll_Walk_2.png using Guid(41264e5eb0101e441805f3217d72088e) Importer(815301076,1909f56bfc062723c751e8b465ee728b)  -> (artifact id: 'b687ac6989bf1eb9b5997debcc3feff6') in 0.017512 seconds 
========================================================================
Received Import Request.
  Time since last request: 0.000021 seconds.
  path: Assets/Sprites/Characters/Enemies/Troll/Troll_Walk_3.png
  artifactKey: Guid(f6471e77356f44b42b8a4fbe83f8d057) Importer(815301076,1909f56bfc062723c751e8b465ee728b)
Start importing Assets/Sprites/Characters/Enemies/Troll/Troll_Walk_3.png using Guid(f6471e77356f44b42b8a4fbe83f8d057) Importer(815301076,1909f56bfc062723c751e8b465ee728b)  -> (artifact id: 'e06c8a979c494c8d4e0a128d2cee519e') in 0.016810 seconds 
========================================================================
Received Import Request.
  Time since last request: 31.161240 seconds.
  path: Assets/Sprites/Characters/Enemies/Orc
  artifactKey: Guid(09893c727569fb64caaac282162b3088) Importer(815301076,1909f56bfc062723c751e8b465ee728b)
Start importing Assets/Sprites/Characters/Enemies/Orc using Guid(09893c727569fb64caaac282162b3088) Importer(815301076,1909f56bfc062723c751e8b465ee728b)  -> (artifact id: '142936cffbb96accc87f416796589151') in 0.006164 seconds 
========================================================================
Received Import Request.
  Time since last request: 7.916692 seconds.
  path: Assets/Sprites/Characters/Enemies/Orc/ogre_idle_anim_f0.png
  artifactKey: Guid(5d71a04e644ab844191a279994b2ff44) Importer(815301076,1909f56bfc062723c751e8b465ee728b)
Start importing Assets/Sprites/Characters/Enemies/Orc/ogre_idle_anim_f0.png using Guid(5d71a04e644ab844191a279994b2ff44) Importer(815301076,1909f56bfc062723c751e8b465ee728b)  -> (artifact id: '8269bf632a239e91a98c224f425934a4') in 0.017131 seconds 
========================================================================
Received Import Request.
  Time since last request: 0.000019 seconds.
  path: Assets/Sprites/Characters/Enemies/Orc/ogre_run_anim_f0.png
  artifactKey: Guid(df32601d98646644ba90930fef0c150f) Importer(815301076,1909f56bfc062723c751e8b465ee728b)
Start importing Assets/Sprites/Characters/Enemies/Orc/ogre_run_anim_f0.png using Guid(df32601d98646644ba90930fef0c150f) Importer(815301076,1909f56bfc062723c751e8b465ee728b)  -> (artifact id: '3df771a3f3795bc3da49170d85abae2f') in 0.013605 seconds 
========================================================================
Received Import Request.
  Time since last request: 0.000027 seconds.
  path: Assets/Sprites/Characters/Enemies/Orc/ogre_run_anim_f1.png
  artifactKey: Guid(0d225ee7948b8a145bc44d509a6fe055) Importer(815301076,1909f56bfc062723c751e8b465ee728b)
Start importing Assets/Sprites/Characters/Enemies/Orc/ogre_run_anim_f1.png using Guid(0d225ee7948b8a145bc44d509a6fe055) Importer(815301076,1909f56bfc062723c751e8b465ee728b)  -> (artifact id: '38f0a1e97750e2aa79e4540b965e463d') in 0.012433 seconds 
========================================================================
Received Import Request.
  Time since last request: 7.303041 seconds.
  path: Assets/Sprites/Characters/Enemies/Orc/ogre_idle_anim_f0.png
  artifactKey: Guid(5d71a04e644ab844191a279994b2ff44) Importer(815301076,1909f56bfc062723c751e8b465ee728b)
Start importing Assets/Sprites/Characters/Enemies/Orc/ogre_idle_anim_f0.png using Guid(5d71a04e644ab844191a279994b2ff44) Importer(815301076,1909f56bfc062723c751e8b465ee728b)  -> (artifact id: 'd50e909cb0337a212f57c0ff570e05d4') in 0.011346 seconds 
========================================================================
Received Import Request.
  Time since last request: 0.000021 seconds.
  path: Assets/Sprites/Characters/Enemies/Orc/ogre_run_anim_f0.png
  artifactKey: Guid(df32601d98646644ba90930fef0c150f) Importer(815301076,1909f56bfc062723c751e8b465ee728b)
Start importing Assets/Sprites/Characters/Enemies/Orc/ogre_run_anim_f0.png using Guid(df32601d98646644ba90930fef0c150f) Importer(815301076,1909f56bfc062723c751e8b465ee728b)  -> (artifact id: '75d55071d0390271d8ab233a8f17b35b') in 0.012122 seconds 
========================================================================
Received Import Request.
  Time since last request: 0.000029 seconds.
  path: Assets/Sprites/Characters/Enemies/Orc/ogre_run_anim_f1.png
  artifactKey: Guid(0d225ee7948b8a145bc44d509a6fe055) Importer(815301076,1909f56bfc062723c751e8b465ee728b)
Start importing Assets/Sprites/Characters/Enemies/Orc/ogre_run_anim_f1.png using Guid(0d225ee7948b8a145bc44d509a6fe055) Importer(815301076,1909f56bfc062723c751e8b465ee728b)  -> (artifact id: '5cb6091047effe7f9738307d2e772134') in 0.010540 seconds 
========================================================================
Received Import Request.
  Time since last request: 11.031086 seconds.
  path: Assets/Sprites/Characters/Enemies/Golem/Golem_Idle_1.png
  artifactKey: Guid(5633c7dad2fd129408f81a7cf486c385) Importer(815301076,1909f56bfc062723c751e8b465ee728b)
Start importing Assets/Sprites/Characters/Enemies/Golem/Golem_Idle_1.png using Guid(5633c7dad2fd129408f81a7cf486c385) Importer(815301076,1909f56bfc062723c751e8b465ee728b)  -> (artifact id: '5aa8793a7bcf42e8264246ffd270bbdc') in 0.013812 seconds 
========================================================================
Received Import Request.
  Time since last request: 0.000020 seconds.
  path: Assets/Sprites/Characters/Enemies/Golem/Golem_Walk_6.png
  artifactKey: Guid(664f44710872e864f8a71538c56f363b) Importer(815301076,1909f56bfc062723c751e8b465ee728b)
Start importing Assets/Sprites/Characters/Enemies/Golem/Golem_Walk_6.png using Guid(664f44710872e864f8a71538c56f363b) Importer(815301076,1909f56bfc062723c751e8b465ee728b)  -> (artifact id: 'f96a41d09677b8fdddc836c0f022a9d0') in 0.012610 seconds 
========================================================================
Received Import Request.
  Time since last request: 0.000017 seconds.
  path: Assets/Sprites/Characters/Enemies/Golem/Golem_Walk_5.png
  artifactKey: Guid(e7d0ef22ba0a0954ca4fad24dd27b39d) Importer(815301076,1909f56bfc062723c751e8b465ee728b)
Start importing Assets/Sprites/Characters/Enemies/Golem/Golem_Walk_5.png using Guid(e7d0ef22ba0a0954ca4fad24dd27b39d) Importer(815301076,1909f56bfc062723c751e8b465ee728b)  -> (artifact id: 'c4e2217832169d650e5c4c7729a8c2f9') in 0.011529 seconds 
========================================================================
Received Import Request.
  Time since last request: 0.000026 seconds.
  path: Assets/Sprites/Characters/Enemies/Golem/Golem_Walk_3.png
  artifactKey: Guid(3933ab0e1ec131b468f19c2d64a249a9) Importer(815301076,1909f56bfc062723c751e8b465ee728b)
Start importing Assets/Sprites/Characters/Enemies/Golem/Golem_Walk_3.png using Guid(3933ab0e1ec131b468f19c2d64a249a9) Importer(815301076,1909f56bfc062723c751e8b465ee728b)  -> (artifact id: 'b5033db88672dd119a691f3762cb882c') in 0.011282 seconds 
========================================================================
Received Import Request.
  Time since last request: 13.199027 seconds.
  path: Assets/Animation/Characters/Enemies
  artifactKey: Guid(a988b7f81b0954f4b9e34581b3d5dc47) Importer(815301076,1909f56bfc062723c751e8b465ee728b)
Start importing Assets/Animation/Characters/Enemies using Guid(a988b7f81b0954f4b9e34581b3d5dc47) Importer(815301076,1909f56bfc062723c751e8b465ee728b)  -> (artifact id: 'd7c44ee45f7477d835281b82d476d4f6') in 0.002668 seconds 
========================================================================
Received Import Request.
  Time since last request: 0.704532 seconds.
  path: Assets/Animation/Characters/Enemies/Slime
  artifactKey: Guid(0659d97eb6f348a4d9827240ce19fa89) Importer(815301076,1909f56bfc062723c751e8b465ee728b)
Start importing Assets/Animation/Characters/Enemies/Slime using Guid(0659d97eb6f348a4d9827240ce19fa89) Importer(815301076,1909f56bfc062723c751e8b465ee728b)  -> (artifact id: 'bd5dbd25db5bd5b8c0980550fa58a60a') in 0.005495 seconds 
========================================================================
Received Import Request.
  Time since last request: 4.539701 seconds.
  path: Assets/Animation/Characters/Enemies/Ent
  artifactKey: Guid(eb73739f99fb1604894b29402424a0b3) Importer(815301076,1909f56bfc062723c751e8b465ee728b)
Start importing Assets/Animation/Characters/Enemies/Ent using Guid(eb73739f99fb1604894b29402424a0b3) Importer(815301076,1909f56bfc062723c751e8b465ee728b)  -> (artifact id: 'ee61008b822e5a4828b83c48e49aa53d') in 0.002404 seconds 
========================================================================
Received Import Request.
  Time since last request: 14.101396 seconds.
  path: Assets/Animation/Characters/Enemies/Treant
  artifactKey: Guid(eb73739f99fb1604894b29402424a0b3) Importer(815301076,1909f56bfc062723c751e8b465ee728b)
Start importing Assets/Animation/Characters/Enemies/Treant using Guid(eb73739f99fb1604894b29402424a0b3) Importer(815301076,1909f56bfc062723c751e8b465ee728b)  -> (artifact id: '7c6cf0c053e894f7d07bcf9922e524a6') in 0.008875 seconds 
========================================================================
Received Import Request.
  Time since last request: 8.979029 seconds.
  path: Assets/Animation/Characters/Enemies/Treant/Treant Controller.controller
  artifactKey: Guid(a67e052659fe50943a3d0a2855b74809) Importer(815301076,1909f56bfc062723c751e8b465ee728b)
Start importing Assets/Animation/Characters/Enemies/Treant/Treant Controller.controller using Guid(a67e052659fe50943a3d0a2855b74809) Importer(815301076,1909f56bfc062723c751e8b465ee728b)  -> (artifact id: '872e57f7da0dd12035a2debbe102186b') in 0.006089 seconds 
========================================================================
Received Import Request.
  Time since last request: 91.876380 seconds.
  path: Assets/Animation/Characters/Enemies/Treant/treant_hurt.anim
  artifactKey: Guid(238c756be12a2dc43a55ecce6a3f1729) Importer(815301076,1909f56bfc062723c751e8b465ee728b)
Start importing Assets/Animation/Characters/Enemies/Treant/treant_hurt.anim using Guid(238c756be12a2dc43a55ecce6a3f1729) Importer(815301076,1909f56bfc062723c751e8b465ee728b)  -> (artifact id: 'fe0871f9709df7a1016bc35f9cb1bf97') in 0.008090 seconds 
========================================================================
Received Import Request.
  Time since last request: 2.040370 seconds.
  path: Assets/Animation/Characters/Enemies/Treant/treant_dead.anim
  artifactKey: Guid(97500ed286b4aaa4b8e6a24718cd8cf3) Importer(815301076,1909f56bfc062723c751e8b465ee728b)
Start importing Assets/Animation/Characters/Enemies/Treant/treant_dead.anim using Guid(97500ed286b4aaa4b8e6a24718cd8cf3) Importer(815301076,1909f56bfc062723c751e8b465ee728b)  -> (artifact id: 'bdadf80c1587158040ad0d5a2e16db8b') in 0.007019 seconds 
========================================================================
Received Import Request.
  Time since last request: 24.651091 seconds.
  path: Assets/Prefabs/Unit Models/Enemies/Treant.prefab
  artifactKey: Guid(c356db2d9a423bc4dbbf6445ba3bcef0) Importer(815301076,1909f56bfc062723c751e8b465ee728b)
Start importing Assets/Prefabs/Unit Models/Enemies/Treant.prefab using Guid(c356db2d9a423bc4dbbf6445ba3bcef0) Importer(815301076,1909f56bfc062723c751e8b465ee728b) Tried select unknown importer for id '-2' '00000000000000000000000000000000'
 -> (artifact id: '07c472cae25fdadcf57b2b04c7e93a10') in 0.013370 seconds 
========================================================================
Received Import Request.
  Time since last request: 24.240133 seconds.
  path: Assets/Scriptable Objects/Units/Enemies/Slime.asset
  artifactKey: Guid(76e16e5196302bc45a40620ab1a3a533) Importer(815301076,1909f56bfc062723c751e8b465ee728b)
Start importing Assets/Scriptable Objects/Units/Enemies/Slime.asset using Guid(76e16e5196302bc45a40620ab1a3a533) Importer(815301076,1909f56bfc062723c751e8b465ee728b)  -> (artifact id: '823a2ac0c89e4a684e8043d9cb85c191') in 0.008850 seconds 
========================================================================
Received Import Request.
  Time since last request: 15.005431 seconds.
  path: Assets/Scriptable Objects/Units/Enemies/Treant.asset
  artifactKey: Guid(9279279e8a961dc4baab2829216758a2) Importer(815301076,1909f56bfc062723c751e8b465ee728b)
Start importing Assets/Scriptable Objects/Units/Enemies/Treant.asset using Guid(9279279e8a961dc4baab2829216758a2) Importer(815301076,1909f56bfc062723c751e8b465ee728b)  -> (artifact id: 'aae7ccc8a49c22f52ebbf0d0109f939e') in 0.002221 seconds 
========================================================================
Received Import Request.
  Time since last request: 26.159468 seconds.
  path: Assets/Scriptable Objects/Units/Enemies/Treant.asset
  artifactKey: Guid(9279279e8a961dc4baab2829216758a2) Importer(815301076,1909f56bfc062723c751e8b465ee728b)
Start importing Assets/Scriptable Objects/Units/Enemies/Treant.asset using Guid(9279279e8a961dc4baab2829216758a2) Importer(815301076,1909f56bfc062723c751e8b465ee728b)  -> (artifact id: '888afc46c4a6a7b68149c64cd659bec9') in 0.003171 seconds 
========================================================================
Received Import Request.
  Time since last request: 21.415741 seconds.
  path: Assets/Scriptable Objects/Dice/Enemy/Slime D.asset
  artifactKey: Guid(08715e0a0e5cb92479a72c19334c7496) Importer(815301076,1909f56bfc062723c751e8b465ee728b)
Start importing Assets/Scriptable Objects/Dice/Enemy/Slime D.asset using Guid(08715e0a0e5cb92479a72c19334c7496) Importer(815301076,1909f56bfc062723c751e8b465ee728b)  -> (artifact id: 'a823e561eba5b80d38657ec15e73ce78') in 0.005657 seconds 
========================================================================
Received Import Request.
  Time since last request: 5.049511 seconds.
  path: Assets/Scriptable Objects/Dice/Enemy/Treant D.asset
  artifactKey: Guid(0a550a1a7d495da4cb80950b98fdeec5) Importer(815301076,1909f56bfc062723c751e8b465ee728b)
Start importing Assets/Scriptable Objects/Dice/Enemy/Treant D.asset using Guid(0a550a1a7d495da4cb80950b98fdeec5) Importer(815301076,1909f56bfc062723c751e8b465ee728b)  -> (artifact id: '5c949a5d699224b5be08ff54df6ea64d') in 0.006067 seconds 
========================================================================
Received Import Request.
  Time since last request: 46.035316 seconds.
  path: Assets/Scriptable Objects/Units/Allies/Adventurer.asset
  artifactKey: Guid(79a48578185f04a4581dd8973160bab2) Importer(815301076,1909f56bfc062723c751e8b465ee728b)
Start importing Assets/Scriptable Objects/Units/Allies/Adventurer.asset using Guid(79a48578185f04a4581dd8973160bab2) Importer(815301076,1909f56bfc062723c751e8b465ee728b)  -> (artifact id: 'b580c3fc04fc52c8d9e4961b3948ec7a') in 0.005446 seconds 
========================================================================
Received Import Request.
  Time since last request: 0.000038 seconds.
  path: Assets/Scriptable Objects/Units/Allies/Lizard.asset
  artifactKey: Guid(2e888bbd7462cd64b8ed404d3722782c) Importer(815301076,1909f56bfc062723c751e8b465ee728b)
Start importing Assets/Scriptable Objects/Units/Allies/Lizard.asset using Guid(2e888bbd7462cd64b8ed404d3722782c) Importer(815301076,1909f56bfc062723c751e8b465ee728b)  -> (artifact id: '8dfec5c87e25807c6f061d4ee06d8dba') in 0.004243 seconds 
========================================================================
Received Import Request.
  Time since last request: 0.000024 seconds.
  path: Assets/Scriptable Objects/Units/Allies/Wizard.asset
  artifactKey: Guid(e681acf4e6c69ce4598b321720673ef3) Importer(815301076,1909f56bfc062723c751e8b465ee728b)
Start importing Assets/Scriptable Objects/Units/Allies/Wizard.asset using Guid(e681acf4e6c69ce4598b321720673ef3) Importer(815301076,1909f56bfc062723c751e8b465ee728b)  -> (artifact id: '026972fca407ab82e2e6077d274bcfe4') in 0.004947 seconds 
========================================================================
Received Import Request.
  Time since last request: 0.000022 seconds.
  path: Assets/Scriptable Objects/Units/Allies/Elf.asset
  artifactKey: Guid(fbd3ec3651eaef541a94fba6481a87a2) Importer(815301076,1909f56bfc062723c751e8b465ee728b)
Start importing Assets/Scriptable Objects/Units/Allies/Elf.asset using Guid(fbd3ec3651eaef541a94fba6481a87a2) Importer(815301076,1909f56bfc062723c751e8b465ee728b)  -> (artifact id: '963316dace87cffbd4180f5b123b94c4') in 0.006971 seconds 
========================================================================
Received Prepare
Registering precompiled user dll's ...
Registered in 0.006958 seconds.
Begin MonoManager ReloadAssembly
Symbol file LoadedFromMemory doesn't match image C:\Users\eduar\OneDrive\Desktop\Unity Projects\Untitled-Dice-Game\Library\PackageCache\com.unity.visualscripting@1.7.6\Editor\VisualScripting.Core\Dependencies\YamlDotNet\Unity.VisualScripting.YamlDotNet.dll
Symbol file LoadedFromMemory is not a mono symbol file
Symbol file LoadedFromMemory doesn't match image C:\Users\eduar\OneDrive\Desktop\Unity Projects\Untitled-Dice-Game\Library\PackageCache\com.unity.visualscripting@1.7.6\Editor\VisualScripting.Core\Dependencies\DotNetZip\Unity.VisualScripting.IonicZip.dll
Native extension for WindowsStandalone target not found
Native extension for OSXStandalone target not found
Refreshing native plugins compatible for Editor in 0.82 ms, found 4 plugins.
Preloading 0 native plugins for Editor in 0.00 ms.
Mono: successfully reloaded assembly
- Completed reload, in  1.128 seconds
Domain Reload Profiling:
	ReloadAssembly (1129ms)
		BeginReloadAssembly (133ms)
			ExecutionOrderSort (0ms)
			DisableScriptedObjects (6ms)
			BackupInstance (0ms)
			ReleaseScriptingObjects (0ms)
			CreateAndSetChildDomain (40ms)
		EndReloadAssembly (884ms)
			LoadAssemblies (98ms)
			RebuildTransferFunctionScriptingTraits (0ms)
			SetupTypeCache (269ms)
			ReleaseScriptCaches (1ms)
			RebuildScriptCaches (47ms)
			SetupLoadedEditorAssemblies (408ms)
				LogAssemblyErrors (0ms)
				InitializePlatformSupportModulesInManaged (16ms)
				SetLoadedEditorAssemblies (1ms)
				RefreshPlugins (1ms)
				BeforeProcessingInitializeOnLoad (83ms)
				ProcessInitializeOnLoadAttributes (256ms)
				ProcessInitializeOnLoadMethodAttributes (46ms)
				AfterProcessingInitializeOnLoad (6ms)
				EditorAssembliesLoaded (0ms)
			ExecutionOrderSort2 (0ms)
			AwakeInstancesAfterBackupRestoration (10ms)
Platform modules already initialized, skipping
Refreshing native plugins compatible for Editor in 3.42 ms, found 4 plugins.
Preloading 0 native plugins for Editor in 0.00 ms.
Unloading 3974 Unused Serialized files (Serialized files now loaded: 0)
Unloading 21 unused Assets / (24.7 KB). Loaded Objects now: 4475.
Memory consumption went from 154.4 MB to 154.4 MB.
Total: 4.258400 ms (FindLiveObjects: 0.301600 ms CreateObjectMapping: 0.199000 ms MarkObjects: 3.729600 ms  DeleteObjects: 0.027200 ms)

AssetImportParameters requested are different than current active one (requested -> active):
  custom:video-decoder-ogg-theora: a1e56fd34408186e4bbccfd4996cb3dc -> 
  custom:container-muxer-webm: aa71ff27fc2769a1b78a27578f13a17b -> 
  custom:container-demuxer-webm: 4f35f7cbe854078d1ac9338744f61a02 -> 
  custom:video-encoder-webm-vp8: eb34c28f22e8b96e1ab97ce403110664 -> 
  custom:audio-encoder-webm-vorbis: bf7c407c2cedff20999df2af8eb42d56 -> 
  custom:framework-win-MediaFoundation: 216162199b28c13a410421893ffa2e32 -> 
  custom:container-demuxer-ogg: 62fdf1f143b41e24485cea50d1cbac27 -> 
  custom:video-decoder-webm-vp8: 9c59270c3fd7afecdb556c50c9e8de78 -> 
  custom:audio-decoder-ogg-vorbis: bf7c407c2cedff20999df2af8eb42d56 -> 
Editor requested this worker to shutdown with reason: Scaling down because of idle timeout
AssetImportWorker is now disconnected from the server
Process exiting
Exiting without the bug reporter. Application will terminate with return code 0